6.1376 	INFO 	Loaded monitor calibration from ['2024_10_29 21:52']
6.3050 	EXP 	Created window1 = Window(allowGUI=True, allowStencil=True, autoLog=True, backendConf=UNKNOWN, backgroundFit=<method-wrapper '__getattribute__' of attributeSetter object at 0x7fdaea76a2e0>, backgroundImage=<method-wrapper '__getattribute__' of attributeSetter object at 0x7fdaea76a280>, bitsMode=UNKNOWN, blendMode='avg', bpc=(8, 8, 8), color=array([0, 0, 0]), colorSpace='rgb', depthBits=8, fullscr=False, gamma=None, gammaErrorPolicy='raise', infoMsg=UNKNOWN, lms=UNKNOWN, monitor=<psychopy.monitors.calibTools.Monitor object at 0x7fdaea540cd0>, multiSample=False, name='window1', numSamples=2, pos=[0.0, 0.0], screen=0, size=array([3420, 2224]), stencilBits=8, stereo=False, title='PsychoPy', units='height', useFBO=True, useRetina=True, viewOri=0.0, viewPos=None, viewScale=None, waitBlanking=True, winType='pyglet')
6.3050 	EXP 	window1: backgroundImage = ''
6.3050 	EXP 	window1: backgroundFit = 'none'
6.3136 	DEBUG 	TextBox2 loaded 1 chars with 0 blanks and 1 valid
6.3147 	DEBUG 	TextBox2 loaded 1 chars with 0 blanks and 1 valid
6.3159 	DEBUG 	TextBox2 loaded 1 chars with 0 blanks and 1 valid
6.3177 	DEBUG 	TextBox2 loaded 1 chars with 0 blanks and 1 valid
6.3192 	DEBUG 	TextBox2 loaded 1 chars with 0 blanks and 1 valid
6.3197 	DEBUG 	TextBox2 loaded 1 chars with 0 blanks and 1 valid
6.3208 	DEBUG 	TextBox2 loaded 1 chars with 0 blanks and 1 valid
6.3225 	DEBUG 	TextBox2 loaded 1 chars with 0 blanks and 1 valid
6.3227 	DEBUG 	TextBox2 loaded 1 chars with 0 blanks and 1 valid
6.3229 	DEBUG 	TextBox2 loaded 1 chars with 0 blanks and 1 valid
6.3241 	DEBUG 	TextBox2 loaded 1 chars with 0 blanks and 1 valid
6.3252 	DEBUG 	TextBox2 loaded 1 chars with 0 blanks and 1 valid
6.3263 	DEBUG 	TextBox2 loaded 1 chars with 0 blanks and 1 valid
6.3274 	DEBUG 	TextBox2 loaded 1 chars with 0 blanks and 1 valid
6.3282 	DEBUG 	TextBox2 loaded 1 chars with 0 blanks and 1 valid
6.3295 	DEBUG 	TextBox2 loaded 1 chars with 0 blanks and 1 valid
6.3306 	DEBUG 	TextBox2 loaded 1 chars with 0 blanks and 1 valid
6.3309 	DEBUG 	TextBox2 loaded 1 chars with 0 blanks and 1 valid
6.3314 	DEBUG 	TextBox2 loaded 1 chars with 0 blanks and 1 valid
6.3331 	DEBUG 	TextBox2 loaded 1 chars with 0 blanks and 1 valid
6.3333 	DEBUG 	TextBox2 loaded 1 chars with 0 blanks and 1 valid
6.3335 	DEBUG 	Uploading Texture Font fontname to graphics card
6.3377 	DEBUG 	Upload of Texture Font fontname complete
6.3433 	DEBUG 	TextBox2 loaded 1 chars with 0 blanks and 1 valid
6.3449 	DEBUG 	TextBox2 loaded 1 chars with 0 blanks and 1 valid
6.3464 	DEBUG 	TextBox2 loaded 1 chars with 0 blanks and 1 valid
6.3466 	DEBUG 	Uploading Texture Font fontname to graphics card
6.3483 	DEBUG 	Upload of Texture Font fontname complete
6.3497 	EXP 	window1: Attempting to measure frame rate of screen (0) ...
6.3497 	EXP 	window1: recordFrameIntervals = False
6.5001 	EXP 	window1: recordFrameIntervals = True
6.7006 	EXP 	Screen (0) actual frame rate measured at 121.34Hz
6.7006 	EXP 	window1: recordFrameIntervals = False
6.7189 	WARNING 	launchHubServer: If using the iohub mouse or eyetracker devices, fullScr should be True.
8.3620 	INFO 	keyboard.Keyboard is using iohub backend.
8.3620 	EXP 	primming 5.0: status = STARTED
8.3699 	EXP 	Created StudyText = TextStim(__class__=<class 'psychopy.visual.text.TextStim'>, alignHoriz=method-wrapper(...), alignText='center', alignVert=method-wrapper(...), anchorHoriz='center', anchorVert='center', antialias=True, autoDraw=False, autoLog=True, bold=False, color=array([1., 1., 1.]), colorSpace='rgb', contrast=1.0, depth=0.0, draggable=False, flipHoriz=False, flipVert=False, font='Arial', fontFiles=[], height=0.05, italic=False, languageStyle='LTR', name='StudyText', opacity=1, ori=0.0, pos=array([0., 0.]), rgb=UNKNOWN, text='', units='height', win=Window(...), wrapWidth=1)
8.3872 	DEBUG 	TextBox2 loaded 1 chars with 0 blanks and 1 valid
8.3873 	DEBUG 	Uploading Texture Font fontname to graphics card
8.3896 	DEBUG 	Upload of Texture Font fontname complete
8.3933 	DEBUG 	TextBox2 loaded 1 chars with 0 blanks and 1 valid
8.3935 	DEBUG 	Uploading Texture Font fontname to graphics card
8.3953 	DEBUG 	Upload of Texture Font fontname complete
8.4002 	DEBUG 	TextBox2 loaded 1 chars with 0 blanks and 1 valid
8.4004 	DEBUG 	Uploading Texture Font fontname to graphics card
8.4022 	DEBUG 	Upload of Texture Font fontname complete
8.4154 	EXP 	Created Studyslider = Slider(__class__=<class 'psychopy.visual.slider.Slider'>, autoDraw=False, autoLog=True, borderColor=None, color=None, colorSpace='rgb', depth=-1, fillColor=None, flip=False, font='Open Sans', granularity=0.0, labelColor=None, labelHeight=0.05, labelWrapWidth=None, labels=['Familiar', 'Unfamiliar'], lineColor=None, markerColor=None, name='Studyslider', opacity=None, ori=0.0, pos=array([ 0. , -0.3]), readOnly=False, self=UNKNOWN, size=array([1. , 0.1]), startValue=None, style='slider', styleTweaks=[], ticks=array([1, 2, 3, 4, 5]), units='height', win=Window(...))
8.4166 	EXP 	Created TestText = TextStim(__class__=<class 'psychopy.visual.text.TextStim'>, alignHoriz=method-wrapper(...), alignText='center', alignVert=method-wrapper(...), anchorHoriz='center', anchorVert='center', antialias=True, autoDraw=False, autoLog=True, bold=False, color=array([1., 1., 1.]), colorSpace='rgb', contrast=1.0, depth=0.0, draggable=False, flipHoriz=False, flipVert=False, font='Arial', fontFiles=[], height=0.05, italic=False, languageStyle='LTR', name='TestText', opacity=1, ori=0.0, pos=array([0. , 0.1]), rgb=UNKNOWN, text='', units='height', win=Window(...), wrapWidth=1)
8.4255 	DEBUG 	TextBox2 loaded 1 chars with 0 blanks and 1 valid
8.4271 	DEBUG 	TextBox2 loaded 1 chars with 0 blanks and 1 valid
8.4286 	DEBUG 	TextBox2 loaded 1 chars with 0 blanks and 1 valid
8.4298 	DEBUG 	TextBox2 loaded 1 chars with 0 blanks and 1 valid
8.4301 	DEBUG 	TextBox2 loaded 1 chars with 0 blanks and 1 valid
8.4304 	DEBUG 	TextBox2 loaded 1 chars with 0 blanks and 1 valid
8.4317 	DEBUG 	TextBox2 loaded 1 chars with 0 blanks and 1 valid
8.4326 	DEBUG 	TextBox2 loaded 1 chars with 0 blanks and 1 valid
8.4329 	DEBUG 	TextBox2 loaded 1 chars with 0 blanks and 1 valid
8.4330 	DEBUG 	Uploading Texture Font fontname to graphics card
8.4354 	DEBUG 	Upload of Texture Font fontname complete
8.4541 	EXP 	Created submit_text = TextStim(__class__=<class 'psychopy.visual.text.TextStim'>, alignHoriz=method-wrapper(...), alignText='center', alignVert=method-wrapper(...), anchorHoriz='center', anchorVert='center', antialias=True, autoDraw=False, autoLog=True, bold=False, color=array([1., 1., 1.]), colorSpace='rgb', contrast=1.0, depth=-2.0, draggable=False, flipHoriz=False, flipVert=False, font='Arial', fontFiles=[], height=0.05, italic=False, languageStyle='LTR', name='submit_text', opacity=1, ori=0.0, pos=array([ 0. , -0.3]), rgb=UNKNOWN, text='Click to Submit', units='height', win=Window(...), wrapWidth=1)
0.0117 	EXP 	Studyslider: autoLog = True
0.0117 	EXP 	Studyslider: styleTweaks = []
0.0117 	EXP 	Studyslider: styleTweaks = []
0.0117 	EXP 	Studyslider: styleTweaks = []
0.0117 	EXP 	Studyslider: styleTweaks = []
0.0117 	EXP 	Studyslider: contrast = 1.0
0.0117 	EXP 	Studyslider: markerPos = None
0.0117 	EXP 	Studyslider: autoLog = True
0.0117 	EXP 	test_textbox: autoLog = True
0.0165 	DEBUG 	Read excel file with openpyxl: data/lab in 5.0.xlsx
0.0167 	EXP 	Imported data/lab in 5.0.xlsx as conditions, 15 conditions, 1 params
0.0171 	EXP 	New trial (rep=0, index=0): <Trial 0 (0 in rep 0) data={'Study_word': 'Pastry', 'thisN': 0, 'thisTrialN': 0, 'thisRepN': 0}>
0.0400 	EXP 	StudyText: height = 0.05
0.0400 	EXP 	StudyText: height = 0.05
0.0400 	EXP 	StudyText: height = 0.05
0.0400 	EXP 	StudyText: text = 'Pastry'
0.0400 	EXP 	Studyslider: markerPos = None
0.0400 	EXP 	Studyslider: markerPos = None
0.0400 	EXP 	StudyText: autoDraw = True
0.0400 	EXP 	Studyslider: autoDraw = True
1.9480 	DATA 	Mouse: Left button down, pos=(859,242)
1.9621 	EXP 	Studyslider: markerPos = 3.014388489208633
1.9696 	EXP 	Studyslider: markerPos = 3.014388489208633
1.9786 	EXP 	Studyslider: markerPos = 3.014388489208633
1.9862 	EXP 	Studyslider: markerPos = 3.014388489208633
1.9956 	EXP 	Studyslider: markerPos = 3.014388489208633
2.0030 	EXP 	Studyslider: markerPos = 3.014388489208633
2.0119 	EXP 	Studyslider: markerPos = 3.014388489208633
2.0194 	EXP 	Studyslider: markerPos = 3.014388489208633
2.0289 	EXP 	Studyslider: markerPos = 3.014388489208633
2.0362 	EXP 	Studyslider: markerPos = 3.014388489208633
2.0456 	EXP 	Studyslider: markerPos = 3.014388489208633
2.0484 	DATA 	Mouse:  Left button up, pos=(859,242)
2.0533 	EXP 	Studyslider: markerPos = 3.014388489208633
2.0620 	EXP 	Studyslider: markerPos = 3.014388489208633
2.0623 	EXP 	New trial (rep=0, index=1): <Trial 1 (1 in rep 0) data={'Study_word': 'T-shirt', 'thisN': 1, 'thisTrialN': 1, 'thisRepN': 0}>
2.0720 	EXP 	StudyText: autoDraw = False
2.0720 	EXP 	Studyslider: autoDraw = False
2.0720 	EXP 	StudyText: height = 0.05
2.0720 	EXP 	StudyText: height = 0.05
2.0720 	EXP 	StudyText: height = 0.05
2.0720 	EXP 	StudyText: text = 'T-shirt'
2.0720 	EXP 	Studyslider: markerPos = None
2.0720 	EXP 	Studyslider: markerPos = None
2.0720 	EXP 	StudyText: autoDraw = True
2.0720 	EXP 	Studyslider: autoDraw = True
3.1148 	DATA 	Mouse: Left button down, pos=(582,240)
3.1287 	EXP 	Studyslider: markerPos = 2.0179856115107913
3.1361 	EXP 	Studyslider: markerPos = 2.0179856115107913
3.1459 	EXP 	Studyslider: markerPos = 2.0179856115107913
3.1533 	EXP 	Studyslider: markerPos = 2.0179856115107913
3.1620 	EXP 	Studyslider: markerPos = 2.0179856115107913
3.1695 	EXP 	Studyslider: markerPos = 2.0179856115107913
3.1785 	EXP 	Studyslider: markerPos = 2.0179856115107913
3.1859 	EXP 	Studyslider: markerPos = 2.0179856115107913
3.1956 	EXP 	Studyslider: markerPos = 2.0179856115107913
3.2031 	EXP 	Studyslider: markerPos = 2.0179856115107913
3.2119 	EXP 	Studyslider: markerPos = 2.0179856115107913
3.2192 	EXP 	Studyslider: markerPos = 2.0179856115107913
3.2286 	EXP 	Studyslider: markerPos = 2.0179856115107913
3.2360 	EXP 	Studyslider: markerPos = 2.0179856115107913
3.2453 	EXP 	Studyslider: markerPos = 2.0179856115107913
3.2483 	DATA 	Mouse:  Left button up, pos=(582,240)
3.2532 	EXP 	Studyslider: markerPos = 2.0179856115107913
3.2622 	EXP 	Studyslider: markerPos = 2.0179856115107913
3.2625 	EXP 	New trial (rep=0, index=2): <Trial 2 (2 in rep 0) data={'Study_word': 'marble', 'thisN': 2, 'thisTrialN': 2, 'thisRepN': 0}>
3.2715 	EXP 	StudyText: autoDraw = False
3.2715 	EXP 	Studyslider: autoDraw = False
3.2715 	EXP 	StudyText: height = 0.05
3.2715 	EXP 	StudyText: height = 0.05
3.2715 	EXP 	StudyText: height = 0.05
3.2715 	EXP 	StudyText: text = 'marble'
3.2715 	EXP 	Studyslider: markerPos = None
3.2715 	EXP 	Studyslider: markerPos = None
3.2715 	EXP 	StudyText: autoDraw = True
3.2715 	EXP 	Studyslider: autoDraw = True
3.7981 	DATA 	Mouse: Left button down, pos=(583,240)
3.8121 	EXP 	Studyslider: markerPos = 2.0215827338129495
3.8197 	EXP 	Studyslider: markerPos = 2.0215827338129495
3.8290 	EXP 	Studyslider: markerPos = 2.0215827338129495
3.8365 	EXP 	Studyslider: markerPos = 2.0215827338129495
3.8453 	EXP 	Studyslider: markerPos = 2.0215827338129495
3.8528 	EXP 	Studyslider: markerPos = 2.0215827338129495
3.8620 	EXP 	Studyslider: markerPos = 2.0215827338129495
3.8695 	EXP 	Studyslider: markerPos = 2.0215827338129495
3.8789 	EXP 	Studyslider: markerPos = 2.0215827338129495
3.8863 	EXP 	Studyslider: markerPos = 2.0215827338129495
3.8958 	EXP 	Studyslider: markerPos = 2.0215827338129495
3.8986 	DATA 	Mouse:  Left button up, pos=(583,240)
3.9035 	EXP 	Studyslider: markerPos = 2.0215827338129495
3.9120 	EXP 	Studyslider: markerPos = 2.0215827338129495
3.9124 	EXP 	New trial (rep=0, index=3): <Trial 3 (3 in rep 0) data={'Study_word': 'Chart', 'thisN': 3, 'thisTrialN': 3, 'thisRepN': 0}>
3.9209 	EXP 	StudyText: autoDraw = False
3.9209 	EXP 	Studyslider: autoDraw = False
3.9209 	EXP 	StudyText: height = 0.05
3.9209 	EXP 	StudyText: height = 0.05
3.9209 	EXP 	StudyText: height = 0.05
3.9209 	EXP 	StudyText: text = 'Chart'
3.9209 	EXP 	Studyslider: markerPos = None
3.9209 	EXP 	Studyslider: markerPos = None
3.9209 	EXP 	StudyText: autoDraw = True
3.9209 	EXP 	Studyslider: autoDraw = True
5.6650 	DATA 	Mouse: Left button down, pos=(299,244)
5.6787 	EXP 	Studyslider: markerPos = 1.0
5.6863 	EXP 	Studyslider: markerPos = 1.0
5.6952 	EXP 	Studyslider: markerPos = 1.0
5.7027 	EXP 	Studyslider: markerPos = 1.0
5.7122 	EXP 	Studyslider: markerPos = 1.0
5.7196 	EXP 	Studyslider: markerPos = 1.0
5.7289 	EXP 	Studyslider: markerPos = 1.0
5.7365 	EXP 	Studyslider: markerPos = 1.0
5.7452 	EXP 	Studyslider: markerPos = 1.0
5.7526 	EXP 	Studyslider: markerPos = 1.0
5.7622 	EXP 	Studyslider: markerPos = 1.0
5.7695 	EXP 	Studyslider: markerPos = 1.0
5.7786 	EXP 	Studyslider: markerPos = 1.0
5.7859 	EXP 	Studyslider: markerPos = 1.0
5.7959 	EXP 	Studyslider: markerPos = 1.0
5.8032 	EXP 	Studyslider: markerPos = 1.0
5.8122 	EXP 	Studyslider: markerPos = 1.0
5.8149 	DATA 	Mouse:  Left button up, pos=(299,244)
5.8197 	EXP 	Studyslider: markerPos = 1.0
5.8286 	EXP 	Studyslider: markerPos = 1.0
5.8290 	EXP 	New trial (rep=0, index=4): <Trial 4 (4 in rep 0) data={'Study_word': 'Police', 'thisN': 4, 'thisTrialN': 4, 'thisRepN': 0}>
5.8373 	EXP 	StudyText: autoDraw = False
5.8373 	EXP 	Studyslider: autoDraw = False
5.8373 	EXP 	StudyText: height = 0.05
5.8373 	EXP 	StudyText: height = 0.05
5.8373 	EXP 	StudyText: height = 0.05
5.8373 	EXP 	StudyText: text = 'Police'
5.8373 	EXP 	Studyslider: markerPos = None
5.8373 	EXP 	Studyslider: markerPos = None
5.8373 	EXP 	StudyText: autoDraw = True
5.8373 	EXP 	Studyslider: autoDraw = True
6.6318 	DATA 	Mouse: Left button down, pos=(299,244)
6.6453 	EXP 	Studyslider: markerPos = 1.0
6.6528 	EXP 	Studyslider: markerPos = 1.0
6.6619 	EXP 	Studyslider: markerPos = 1.0
6.6693 	EXP 	Studyslider: markerPos = 1.0
6.6789 	EXP 	Studyslider: markerPos = 1.0
6.6863 	EXP 	Studyslider: markerPos = 1.0
6.6952 	EXP 	Studyslider: markerPos = 1.0
6.7026 	EXP 	Studyslider: markerPos = 1.0
6.7122 	EXP 	Studyslider: markerPos = 1.0
6.7196 	EXP 	Studyslider: markerPos = 1.0
6.7287 	EXP 	Studyslider: markerPos = 1.0
6.7361 	EXP 	Studyslider: markerPos = 1.0
6.7453 	EXP 	Studyslider: markerPos = 1.0
6.7526 	EXP 	Studyslider: markerPos = 1.0
6.7618 	EXP 	Studyslider: markerPos = 1.0
6.7647 	DATA 	Mouse:  Left button up, pos=(299,244)
6.7695 	EXP 	Studyslider: markerPos = 1.0
6.7790 	EXP 	Studyslider: markerPos = 1.0
6.7793 	EXP 	New trial (rep=0, index=5): <Trial 5 (5 in rep 0) data={'Study_word': 'Poster', 'thisN': 5, 'thisTrialN': 5, 'thisRepN': 0}>
6.7875 	EXP 	StudyText: autoDraw = False
6.7875 	EXP 	Studyslider: autoDraw = False
6.7875 	EXP 	StudyText: height = 0.05
6.7875 	EXP 	StudyText: height = 0.05
6.7875 	EXP 	StudyText: height = 0.05
6.7875 	EXP 	StudyText: text = 'Poster'
6.7875 	EXP 	Studyslider: markerPos = None
6.7875 	EXP 	Studyslider: markerPos = None
6.7875 	EXP 	StudyText: autoDraw = True
6.7875 	EXP 	Studyslider: autoDraw = True
7.2316 	DATA 	Mouse: Left button down, pos=(300,244)
7.2453 	EXP 	Studyslider: markerPos = 1.0035971223021583
7.2530 	EXP 	Studyslider: markerPos = 1.0035971223021583
7.2620 	EXP 	Studyslider: markerPos = 1.0035971223021583
7.2697 	EXP 	Studyslider: markerPos = 1.0035971223021583
7.2783 	EXP 	Studyslider: markerPos = 1.0035971223021583
7.2858 	EXP 	Studyslider: markerPos = 1.0035971223021583
7.2959 	EXP 	Studyslider: markerPos = 1.0035971223021583
7.3034 	EXP 	Studyslider: markerPos = 1.0035971223021583
7.3119 	EXP 	Studyslider: markerPos = 1.0035971223021583
7.3194 	EXP 	Studyslider: markerPos = 1.0035971223021583
7.3290 	EXP 	Studyslider: markerPos = 1.0035971223021583
7.3365 	EXP 	Studyslider: markerPos = 1.0035971223021583
7.3453 	EXP 	Studyslider: markerPos = 1.0035971223021583
7.3528 	EXP 	Studyslider: markerPos = 1.0035971223021583
7.3620 	EXP 	Studyslider: markerPos = 1.0035971223021583
7.3694 	EXP 	Studyslider: markerPos = 1.0035971223021583
7.3786 	EXP 	Studyslider: markerPos = 1.0035971223021583
7.3860 	EXP 	Studyslider: markerPos = 1.0035971223021583
7.3956 	EXP 	Studyslider: markerPos = 1.0035971223021583
7.4030 	EXP 	Studyslider: markerPos = 1.0035971223021583
7.4119 	EXP 	Studyslider: markerPos = 1.0035971223021583
7.4193 	EXP 	Studyslider: markerPos = 1.0035971223021583
7.4289 	EXP 	Studyslider: markerPos = 1.0035971223021583
7.4317 	DATA 	Mouse:  Left button up, pos=(300,244)
7.4366 	EXP 	Studyslider: markerPos = 1.0035971223021583
7.4453 	EXP 	Studyslider: markerPos = 1.0035971223021583
7.4457 	EXP 	New trial (rep=0, index=6): <Trial 6 (6 in rep 0) data={'Study_word': 'book', 'thisN': 6, 'thisTrialN': 6, 'thisRepN': 0}>
7.4539 	EXP 	StudyText: autoDraw = False
7.4539 	EXP 	Studyslider: autoDraw = False
7.4539 	EXP 	StudyText: height = 0.05
7.4539 	EXP 	StudyText: height = 0.05
7.4539 	EXP 	StudyText: height = 0.05
7.4539 	EXP 	StudyText: text = 'book'
7.4539 	EXP 	Studyslider: markerPos = None
7.4539 	EXP 	Studyslider: markerPos = None
7.4539 	EXP 	StudyText: autoDraw = True
7.4539 	EXP 	Studyslider: autoDraw = True
7.9699 	DATA 	Mouse: Left button down, pos=(300,244)
7.9783 	EXP 	Studyslider: markerPos = 1.0035971223021583
7.9859 	EXP 	Studyslider: markerPos = 1.0035971223021583
7.9957 	EXP 	Studyslider: markerPos = 1.0035971223021583
8.0032 	EXP 	Studyslider: markerPos = 1.0035971223021583
8.0115 	EXP 	Studyslider: markerPos = 1.0035971223021583
8.0191 	EXP 	Studyslider: markerPos = 1.0035971223021583
8.0288 	EXP 	Studyslider: markerPos = 1.0035971223021583
8.0363 	EXP 	Studyslider: markerPos = 1.0035971223021583
8.0456 	EXP 	Studyslider: markerPos = 1.0035971223021583
8.0531 	EXP 	Studyslider: markerPos = 1.0035971223021583
8.0619 	EXP 	Studyslider: markerPos = 1.0035971223021583
8.0650 	DATA 	Mouse:  Left button up, pos=(300,244)
8.0697 	EXP 	Studyslider: markerPos = 1.0035971223021583
8.0785 	EXP 	Studyslider: markerPos = 1.0035971223021583
8.0789 	EXP 	New trial (rep=0, index=7): <Trial 7 (7 in rep 0) data={'Study_word': 'mouse', 'thisN': 7, 'thisTrialN': 7, 'thisRepN': 0}>
8.0872 	EXP 	StudyText: autoDraw = False
8.0872 	EXP 	Studyslider: autoDraw = False
8.0872 	EXP 	StudyText: height = 0.05
8.0872 	EXP 	StudyText: height = 0.05
8.0872 	EXP 	StudyText: height = 0.05
8.0872 	EXP 	StudyText: text = 'mouse'
8.0872 	EXP 	Studyslider: markerPos = None
8.0872 	EXP 	Studyslider: markerPos = None
8.0872 	EXP 	StudyText: autoDraw = True
8.0872 	EXP 	Studyslider: autoDraw = True
8.7149 	DATA 	Mouse: Left button down, pos=(300,244)
8.7288 	EXP 	Studyslider: markerPos = 1.0035971223021583
8.7369 	EXP 	Studyslider: markerPos = 1.0035971223021583
8.7452 	EXP 	Studyslider: markerPos = 1.0035971223021583
8.7539 	EXP 	Studyslider: markerPos = 1.0035971223021583
8.7661 	EXP 	Studyslider: markerPos = 1.0035971223021583
8.7797 	EXP 	Studyslider: markerPos = 1.0035971223021583
8.7907 	EXP 	Studyslider: markerPos = 1.0035971223021583
8.7999 	EXP 	Studyslider: markerPos = 1.0035971223021583
8.8128 	EXP 	Studyslider: markerPos = 1.0035971223021583
8.8258 	EXP 	Studyslider: markerPos = 1.0035971223021583
8.8369 	EXP 	Studyslider: markerPos = 1.0035971223021583
8.8626 	EXP 	Studyslider: markerPos = 1.0035971223021583
8.8795 	EXP 	Studyslider: markerPos = 1.0035971223021583
8.8913 	DATA 	Mouse:  Left button up, pos=(300,244)
8.9003 	EXP 	Studyslider: markerPos = 1.0035971223021583
8.9069 	EXP 	New trial (rep=0, index=8): <Trial 8 (8 in rep 0) data={'Study_word': 'phone', 'thisN': 8, 'thisTrialN': 8, 'thisRepN': 0}>
8.9183 	EXP 	StudyText: autoDraw = False
8.9183 	EXP 	Studyslider: autoDraw = False
8.9183 	EXP 	StudyText: height = 0.05
8.9183 	EXP 	StudyText: height = 0.05
8.9183 	EXP 	StudyText: height = 0.05
8.9183 	EXP 	StudyText: text = 'phone'
8.9183 	EXP 	Studyslider: markerPos = None
8.9183 	EXP 	Studyslider: markerPos = None
8.9183 	EXP 	StudyText: autoDraw = True
8.9183 	EXP 	Studyslider: autoDraw = True
9.5653 	DATA 	Mouse: Left button down, pos=(629,227)
9.5791 	EXP 	Studyslider: markerPos = 2.18705035971223
9.5871 	EXP 	Studyslider: markerPos = 2.18705035971223
9.5952 	EXP 	Studyslider: markerPos = 2.18705035971223
9.6026 	EXP 	Studyslider: markerPos = 2.18705035971223
9.6125 	EXP 	Studyslider: markerPos = 2.18705035971223
9.6199 	EXP 	Studyslider: markerPos = 2.18705035971223
9.6286 	EXP 	Studyslider: markerPos = 2.18705035971223
9.6359 	EXP 	Studyslider: markerPos = 2.18705035971223
9.6455 	EXP 	Studyslider: markerPos = 2.18705035971223
9.6529 	EXP 	Studyslider: markerPos = 2.18705035971223
9.6621 	EXP 	Studyslider: markerPos = 2.18705035971223
9.6694 	EXP 	Studyslider: markerPos = 2.18705035971223
9.6790 	EXP 	Studyslider: markerPos = 2.18705035971223
9.6863 	EXP 	Studyslider: markerPos = 2.18705035971223
9.6956 	EXP 	Studyslider: markerPos = 2.18705035971223
9.7030 	EXP 	Studyslider: markerPos = 2.18705035971223
9.7122 	EXP 	Studyslider: markerPos = 2.18705035971223
9.7195 	EXP 	Studyslider: markerPos = 2.18705035971223
9.7290 	EXP 	Studyslider: markerPos = 2.18705035971223
9.7364 	EXP 	Studyslider: markerPos = 2.18705035971223
9.7455 	EXP 	Studyslider: markerPos = 2.18705035971223
9.7527 	EXP 	Studyslider: markerPos = 2.18705035971223
9.7624 	EXP 	Studyslider: markerPos = 2.18705035971223
9.7653 	DATA 	Mouse:  Left button up, pos=(629,227)
9.7701 	EXP 	Studyslider: markerPos = 2.18705035971223
9.7787 	EXP 	Studyslider: markerPos = 2.18705035971223
9.7791 	EXP 	New trial (rep=0, index=9): <Trial 9 (9 in rep 0) data={'Study_word': 'Case', 'thisN': 9, 'thisTrialN': 9, 'thisRepN': 0}>
9.7875 	EXP 	StudyText: autoDraw = False
9.7875 	EXP 	Studyslider: autoDraw = False
9.7875 	EXP 	StudyText: height = 0.05
9.7875 	EXP 	StudyText: height = 0.05
9.7875 	EXP 	StudyText: height = 0.05
9.7875 	EXP 	StudyText: text = 'Case'
9.7875 	EXP 	Studyslider: markerPos = None
9.7875 	EXP 	Studyslider: markerPos = None
9.7875 	EXP 	StudyText: autoDraw = True
9.7875 	EXP 	Studyslider: autoDraw = True
10.0321 	DATA 	Mouse: Left button down, pos=(273,233)
10.0459 	EXP 	Studyslider: markerPos = 0.906474820143885
10.0535 	EXP 	Studyslider: markerPos = 0.906474820143885
10.0619 	EXP 	Studyslider: markerPos = 0.906474820143885
10.0692 	EXP 	Studyslider: markerPos = 0.906474820143885
10.0789 	EXP 	Studyslider: markerPos = 0.906474820143885
10.0863 	EXP 	Studyslider: markerPos = 0.906474820143885
10.0952 	EXP 	Studyslider: markerPos = 0.906474820143885
10.1027 	EXP 	Studyslider: markerPos = 0.906474820143885
10.1124 	EXP 	Studyslider: markerPos = 0.906474820143885
10.1199 	EXP 	Studyslider: markerPos = 0.906474820143885
10.1286 	EXP 	Studyslider: markerPos = 0.906474820143885
10.1360 	EXP 	Studyslider: markerPos = 0.906474820143885
10.1455 	EXP 	Studyslider: markerPos = 0.906474820143885
10.1533 	EXP 	Studyslider: markerPos = 0.906474820143885
10.1619 	EXP 	Studyslider: markerPos = 0.906474820143885
10.1693 	EXP 	Studyslider: markerPos = 0.906474820143885
10.1787 	EXP 	Studyslider: markerPos = 0.906474820143885
10.1816 	DATA 	Mouse:  Left button up, pos=(273,233)
10.1864 	EXP 	Studyslider: markerPos = 0.906474820143885
10.1952 	EXP 	Studyslider: markerPos = 1
10.1956 	EXP 	New trial (rep=0, index=10): <Trial 10 (10 in rep 0) data={'Study_word': 'Keys', 'thisN': 10, 'thisTrialN': 10, 'thisRepN': 0}>
10.2045 	EXP 	StudyText: autoDraw = False
10.2045 	EXP 	Studyslider: autoDraw = False
10.2045 	EXP 	StudyText: height = 0.05
10.2045 	EXP 	StudyText: height = 0.05
10.2045 	EXP 	StudyText: height = 0.05
10.2045 	EXP 	StudyText: text = 'Keys'
10.2045 	EXP 	Studyslider: markerPos = None
10.2045 	EXP 	Studyslider: markerPos = None
10.2045 	EXP 	StudyText: autoDraw = True
10.2045 	EXP 	Studyslider: autoDraw = True
10.4859 	DATA 	Mouse: Left button down, pos=(741,222)
10.4950 	EXP 	Studyslider: markerPos = 2.5899280575539567
10.5026 	EXP 	Studyslider: markerPos = 2.5899280575539567
10.5122 	EXP 	Studyslider: markerPos = 2.5899280575539567
10.5198 	EXP 	Studyslider: markerPos = 2.5899280575539567
10.5286 	EXP 	Studyslider: markerPos = 2.5899280575539567
10.5361 	EXP 	Studyslider: markerPos = 2.5899280575539567
10.5452 	EXP 	Studyslider: markerPos = 2.5899280575539567
10.5528 	EXP 	Studyslider: markerPos = 2.5899280575539567
10.5619 	EXP 	Studyslider: markerPos = 2.5899280575539567
10.5695 	EXP 	Studyslider: markerPos = 2.5899280575539567
10.5788 	EXP 	Studyslider: markerPos = 2.5899280575539567
10.5862 	EXP 	Studyslider: markerPos = 2.5899280575539567
10.5956 	EXP 	Studyslider: markerPos = 2.5899280575539567
10.6030 	EXP 	Studyslider: markerPos = 2.5899280575539567
10.6119 	EXP 	Studyslider: markerPos = 2.5899280575539567
10.6194 	EXP 	Studyslider: markerPos = 2.5899280575539567
10.6290 	EXP 	Studyslider: markerPos = 2.5899280575539567
10.6365 	EXP 	Studyslider: markerPos = 2.5899280575539567
10.6453 	EXP 	Studyslider: markerPos = 2.5899280575539567
10.6527 	EXP 	Studyslider: markerPos = 2.5899280575539567
10.6625 	EXP 	Studyslider: markerPos = 2.5899280575539567
10.6654 	DATA 	Mouse:  Left button up, pos=(741,222)
10.6706 	EXP 	Studyslider: markerPos = 2.5899280575539567
10.6789 	EXP 	Studyslider: markerPos = 2.5899280575539567
10.6793 	EXP 	New trial (rep=0, index=11): <Trial 11 (11 in rep 0) data={'Study_word': 'board', 'thisN': 11, 'thisTrialN': 11, 'thisRepN': 0}>
10.6883 	EXP 	StudyText: autoDraw = False
10.6883 	EXP 	Studyslider: autoDraw = False
10.6883 	EXP 	StudyText: height = 0.05
10.6883 	EXP 	StudyText: height = 0.05
10.6883 	EXP 	StudyText: height = 0.05
10.6883 	EXP 	StudyText: text = 'board'
10.6883 	EXP 	Studyslider: markerPos = None
10.6883 	EXP 	Studyslider: markerPos = None
10.6883 	EXP 	StudyText: autoDraw = True
10.6883 	EXP 	Studyslider: autoDraw = True
10.8651 	DATA 	Mouse: Left button down, pos=(496,222)
10.8788 	EXP 	Studyslider: markerPos = 1.70863309352518
10.8863 	EXP 	Studyslider: markerPos = 1.70863309352518
10.8952 	EXP 	Studyslider: markerPos = 1.70863309352518
10.9028 	EXP 	Studyslider: markerPos = 1.70863309352518
10.9121 	EXP 	Studyslider: markerPos = 1.70863309352518
10.9195 	EXP 	Studyslider: markerPos = 1.70863309352518
10.9286 	EXP 	Studyslider: markerPos = 1.70863309352518
10.9360 	EXP 	Studyslider: markerPos = 1.70863309352518
10.9458 	EXP 	Studyslider: markerPos = 1.70863309352518
10.9531 	EXP 	Studyslider: markerPos = 1.70863309352518
10.9622 	EXP 	Studyslider: markerPos = 1.70863309352518
10.9695 	EXP 	Studyslider: markerPos = 1.70863309352518
10.9786 	EXP 	Studyslider: markerPos = 1.70863309352518
10.9859 	EXP 	Studyslider: markerPos = 1.70863309352518
10.9956 	EXP 	Studyslider: markerPos = 1.70863309352518
10.9984 	DATA 	Mouse:  Left button up, pos=(496,222)
11.0032 	EXP 	Studyslider: markerPos = 1.70863309352518
11.0118 	EXP 	Studyslider: markerPos = 1.70863309352518
11.0122 	EXP 	New trial (rep=0, index=12): <Trial 12 (12 in rep 0) data={'Study_word': 'Laptop', 'thisN': 12, 'thisTrialN': 12, 'thisRepN': 0}>
11.0209 	EXP 	StudyText: autoDraw = False
11.0209 	EXP 	Studyslider: autoDraw = False
11.0209 	EXP 	StudyText: height = 0.05
11.0209 	EXP 	StudyText: height = 0.05
11.0209 	EXP 	StudyText: height = 0.05
11.0209 	EXP 	StudyText: text = 'Laptop'
11.0209 	EXP 	Studyslider: markerPos = None
11.0209 	EXP 	Studyslider: markerPos = None
11.0209 	EXP 	StudyText: autoDraw = True
11.0209 	EXP 	Studyslider: autoDraw = True
11.2817 	DATA 	Mouse: Left button down, pos=(750,215)
11.2953 	EXP 	Studyslider: markerPos = 2.6223021582733814
11.3029 	EXP 	Studyslider: markerPos = 2.6223021582733814
11.3119 	EXP 	Studyslider: markerPos = 2.6223021582733814
11.3192 	EXP 	Studyslider: markerPos = 2.6223021582733814
11.3291 	EXP 	Studyslider: markerPos = 2.6223021582733814
11.3366 	EXP 	Studyslider: markerPos = 2.6223021582733814
11.3452 	EXP 	Studyslider: markerPos = 2.6223021582733814
11.3525 	EXP 	Studyslider: markerPos = 2.6223021582733814
11.3627 	EXP 	Studyslider: markerPos = 2.6223021582733814
11.3699 	EXP 	Studyslider: markerPos = 2.6223021582733814
11.3781 	EXP 	Studyslider: markerPos = 2.6223021582733814
11.3856 	EXP 	Studyslider: markerPos = 2.6223021582733814
11.3957 	EXP 	Studyslider: markerPos = 2.6223021582733814
11.4030 	EXP 	Studyslider: markerPos = 2.6223021582733814
11.4118 	EXP 	Studyslider: markerPos = 2.6223021582733814
11.4193 	EXP 	Studyslider: markerPos = 2.6223021582733814
11.4291 	EXP 	Studyslider: markerPos = 2.6223021582733814
11.4366 	EXP 	Studyslider: markerPos = 2.6223021582733814
11.4452 	EXP 	Studyslider: markerPos = 2.6223021582733814
11.4526 	EXP 	Studyslider: markerPos = 2.6223021582733814
11.4621 	EXP 	Studyslider: markerPos = 2.6223021582733814
11.4697 	EXP 	Studyslider: markerPos = 2.6223021582733814
11.4782 	EXP 	Studyslider: markerPos = 2.6187050359712227
11.4859 	EXP 	Studyslider: markerPos = 2.6187050359712227
11.4864 	DATA 	Mouse:  Left button up, pos=(745,215)
11.4957 	EXP 	Studyslider: markerPos = 2.6187050359712227
11.4961 	EXP 	New trial (rep=0, index=13): <Trial 13 (13 in rep 0) data={'Study_word': 'Cruise', 'thisN': 13, 'thisTrialN': 13, 'thisRepN': 0}>
11.5047 	EXP 	StudyText: autoDraw = False
11.5047 	EXP 	Studyslider: autoDraw = False
11.5047 	EXP 	StudyText: height = 0.05
11.5047 	EXP 	StudyText: height = 0.05
11.5047 	EXP 	StudyText: height = 0.05
11.5047 	EXP 	StudyText: text = 'Cruise'
11.5047 	EXP 	Studyslider: markerPos = None
11.5047 	EXP 	Studyslider: markerPos = None
11.5047 	EXP 	StudyText: autoDraw = True
11.5047 	EXP 	Studyslider: autoDraw = True
11.6480 	DATA 	Mouse: Left button down, pos=(474,217)
11.6619 	EXP 	Studyslider: markerPos = 1.629496402877698
11.6694 	EXP 	Studyslider: markerPos = 1.629496402877698
11.6791 	EXP 	Studyslider: markerPos = 1.629496402877698
11.6865 	EXP 	Studyslider: markerPos = 1.629496402877698
11.6952 	EXP 	Studyslider: markerPos = 1.629496402877698
11.7027 	EXP 	Studyslider: markerPos = 1.629496402877698
11.7125 	EXP 	Studyslider: markerPos = 1.629496402877698
11.7199 	EXP 	Studyslider: markerPos = 1.629496402877698
11.7286 	EXP 	Studyslider: markerPos = 1.629496402877698
11.7359 	EXP 	Studyslider: markerPos = 1.629496402877698
11.7455 	EXP 	Studyslider: markerPos = 1.629496402877698
11.7529 	EXP 	Studyslider: markerPos = 1.629496402877698
11.7619 	EXP 	Studyslider: markerPos = 1.629496402877698
11.7693 	EXP 	Studyslider: markerPos = 1.629496402877698
11.7791 	EXP 	Studyslider: markerPos = 1.629496402877698
11.7867 	EXP 	Studyslider: markerPos = 1.629496402877698
11.7952 	EXP 	Studyslider: markerPos = 1.629496402877698
11.8025 	EXP 	Studyslider: markerPos = 1.629496402877698
11.8123 	EXP 	Studyslider: markerPos = 1.629496402877698
11.8152 	DATA 	Mouse:  Left button up, pos=(474,217)
11.8202 	EXP 	Studyslider: markerPos = 1.629496402877698
11.8286 	EXP 	Studyslider: markerPos = 1.629496402877698
11.8290 	EXP 	New trial (rep=0, index=14): <Trial 14 (14 in rep 0) data={'Study_word': 'cushion', 'thisN': 14, 'thisTrialN': 14, 'thisRepN': 0}>
11.8374 	EXP 	StudyText: autoDraw = False
11.8374 	EXP 	Studyslider: autoDraw = False
11.8374 	EXP 	StudyText: height = 0.05
11.8374 	EXP 	StudyText: height = 0.05
11.8374 	EXP 	StudyText: height = 0.05
11.8374 	EXP 	StudyText: text = 'cushion'
11.8374 	EXP 	Studyslider: markerPos = None
11.8374 	EXP 	Studyslider: markerPos = None
11.8374 	EXP 	StudyText: autoDraw = True
11.8374 	EXP 	Studyslider: autoDraw = True
12.0316 	DATA 	Mouse: Left button down, pos=(841,229)
12.0451 	EXP 	Studyslider: markerPos = 2.9496402877697845
12.0525 	EXP 	Studyslider: markerPos = 2.9496402877697845
12.0622 	EXP 	Studyslider: markerPos = 2.9496402877697845
12.0696 	EXP 	Studyslider: markerPos = 2.9496402877697845
12.0786 	EXP 	Studyslider: markerPos = 2.9496402877697845
12.0859 	EXP 	Studyslider: markerPos = 2.9496402877697845
12.0955 	EXP 	Studyslider: markerPos = 2.9496402877697845
12.1029 	EXP 	Studyslider: markerPos = 2.9496402877697845
12.1122 	EXP 	Studyslider: markerPos = 2.9496402877697845
12.1195 	EXP 	Studyslider: markerPos = 2.9496402877697845
12.1287 	EXP 	Studyslider: markerPos = 2.9496402877697845
12.1362 	EXP 	Studyslider: markerPos = 2.9496402877697845
12.1455 	EXP 	Studyslider: markerPos = 2.9496402877697845
12.1530 	EXP 	Studyslider: markerPos = 2.9496402877697845
12.1621 	EXP 	Studyslider: markerPos = 2.9496402877697845
12.1697 	EXP 	Studyslider: markerPos = 2.9496402877697845
12.1786 	EXP 	Studyslider: markerPos = 2.9496402877697845
12.1860 	EXP 	Studyslider: markerPos = 2.9496402877697845
12.1954 	EXP 	Studyslider: markerPos = 2.9496402877697845
12.2028 	EXP 	Studyslider: markerPos = 2.9496402877697845
12.2118 	EXP 	Studyslider: markerPos = 2.9496402877697845
12.2191 	EXP 	Studyslider: markerPos = 2.9496402877697845
12.2288 	EXP 	Studyslider: markerPos = 2.9496402877697845
12.2362 	EXP 	Studyslider: markerPos = 2.9496402877697845
12.2456 	EXP 	Studyslider: markerPos = 2.9496402877697845
12.2530 	EXP 	Studyslider: markerPos = 2.9496402877697845
12.2619 	EXP 	Studyslider: markerPos = 2.9496402877697845
12.2695 	EXP 	Studyslider: markerPos = 2.9496402877697845
12.2698 	DATA 	Mouse:  Left button up, pos=(841,229)
12.2783 	EXP 	Studyslider: markerPos = 2.9496402877697845
12.3021 	INFO 	saved data to /Users/sakshi/Desktop/Experiments/Word Priming/data/3_primming 5.0_2024-11-07_14h17.58.313trials.csv
12.3051 	DEBUG 	Read excel file with openpyxl: data/5.0.xlsx
12.3058 	EXP 	Imported data/5.0.xlsx as conditions, 20 conditions, 3 params
12.3060 	EXP 	New trial (rep=0, index=0): <Trial 0 (0 in rep 0) data={'test_word': '_a_bl_', 'Reference': 'Marble', 'old_new': 'old', 'thisN': 0, 'thisTrialN': 0, 'thisRepN': 0}>
12.3176 	EXP 	StudyText: autoDraw = False
12.3176 	EXP 	Studyslider: autoDraw = False
12.3176 	EXP 	TestText: height = 0.05
12.3176 	EXP 	TestText: height = 0.05
12.3176 	EXP 	TestText: height = 0.05
12.3176 	EXP 	TestText: text = '_a_bl_'
12.3176 	EXP 	TestText: autoDraw = True
12.3176 	EXP 	test_textbox: autoDraw = True
12.3176 	EXP 	submit_text: autoDraw = True
12.4653 	DATA 	Mouse: Left button down, pos=(412,152)
12.6155 	DATA 	Mouse:  Left button up, pos=(412,152)
13.7439 	DEBUG 	TextBox2 loaded 1 chars with 0 blanks and 1 valid
13.7441 	DEBUG 	Uploading Texture Font fontname to graphics card
13.7477 	DEBUG 	Upload of Texture Font fontname complete
13.7482 	DATA 	Keypress: t
14.1030 	DEBUG 	TextBox2 loaded 1 chars with 0 blanks and 1 valid
14.1033 	DEBUG 	Uploading Texture Font fontname to graphics card
14.1072 	DEBUG 	Upload of Texture Font fontname complete
14.1076 	DATA 	Keypress: a
14.4026 	DEBUG 	TextBox2 loaded 1 chars with 0 blanks and 1 valid
14.4029 	DEBUG 	Uploading Texture Font fontname to graphics card
14.4068 	DEBUG 	Upload of Texture Font fontname complete
14.4073 	DATA 	Keypress: b
14.7106 	DEBUG 	TextBox2 loaded 1 chars with 0 blanks and 1 valid
14.7108 	DEBUG 	Uploading Texture Font fontname to graphics card
14.7161 	DEBUG 	Upload of Texture Font fontname complete
14.7165 	DATA 	Keypress: l
14.9164 	DATA 	Keypress: e
15.2470 	DATA 	Mouse: Left button down, pos=(679,334)
15.4842 	DATA 	Mouse:  Left button up, pos=(679,334)
17.0325 	DATA 	Keypress: backspace
17.2186 	DATA 	Keypress: backspace
17.3813 	DATA 	Keypress: backspace
17.5349 	DATA 	Keypress: backspace
17.6907 	DATA 	Keypress: backspace
17.8499 	DATA 	Keypress: backspace
18.4500 	DEBUG 	TextBox2 loaded 1 chars with 0 blanks and 1 valid
18.4502 	DEBUG 	Uploading Texture Font fontname to graphics card
18.4525 	DEBUG 	Upload of Texture Font fontname complete
18.4528 	DATA 	Keypress: m
18.6496 	DATA 	Keypress: a
19.2743 	DATA 	Keypress: r
19.7357 	DATA 	Keypress: b
19.9314 	DATA 	Keypress: l
20.0525 	DATA 	Keypress: e
20.4336 	DATA 	Mouse: Left button down, pos=(753,176)
20.6339 	DATA 	Mouse:  Left button up, pos=(753,176)
21.1333 	DATA 	Mouse: Left button down, pos=(805,215)
21.1395 	EXP 	New trial (rep=0, index=1): <Trial 1 (1 in rep 0) data={'test_word': 'c_m_ra', 'Reference': 'Camera', 'old_new': 'new', 'thisN': 1, 'thisTrialN': 1, 'thisRepN': 0}>
21.1507 	EXP 	TestText: autoDraw = False
21.1507 	EXP 	test_textbox: autoDraw = False
21.1507 	EXP 	submit_text: autoDraw = False
21.1507 	EXP 	TestText: height = 0.05
21.1507 	EXP 	TestText: height = 0.05
21.1507 	EXP 	TestText: height = 0.05
21.1507 	EXP 	TestText: text = 'c_m_ra'
21.1507 	EXP 	TestText: autoDraw = True
21.1507 	EXP 	test_textbox: autoDraw = True
21.1507 	EXP 	submit_text: autoDraw = True
21.2982 	DATA 	Mouse:  Left button up, pos=(805,215)
22.2498 	DEBUG 	TextBox2 loaded 1 chars with 0 blanks and 1 valid
22.2500 	DEBUG 	Uploading Texture Font fontname to graphics card
22.2528 	DEBUG 	Upload of Texture Font fontname complete
22.2531 	DATA 	Keypress: c
22.5220 	DATA 	Keypress: a
22.7213 	DATA 	Keypress: m
23.0608 	DATA 	Keypress: e
23.2314 	DATA 	Keypress: r
23.5409 	DATA 	Keypress: a
23.9155 	DATA 	Mouse: Left button down, pos=(805,215)
23.9167 	EXP 	New trial (rep=0, index=2): <Trial 2 (2 in rep 0) data={'test_word': '_ru_is_', 'Reference': 'Cruise', 'old_new': 'old', 'thisN': 2, 'thisTrialN': 2, 'thisRepN': 0}>
23.9300 	EXP 	TestText: autoDraw = False
23.9300 	EXP 	test_textbox: autoDraw = False
23.9300 	EXP 	submit_text: autoDraw = False
23.9300 	EXP 	TestText: height = 0.05
23.9300 	EXP 	TestText: height = 0.05
23.9300 	EXP 	TestText: height = 0.05
23.9300 	EXP 	TestText: text = '_ru_is_'
23.9300 	EXP 	TestText: autoDraw = True
23.9300 	EXP 	test_textbox: autoDraw = True
23.9300 	EXP 	submit_text: autoDraw = True
24.0503 	DATA 	Mouse:  Left button up, pos=(805,215)
24.7742 	DATA 	Keypress: c
25.0158 	DATA 	Keypress: r
25.1479 	DEBUG 	TextBox2 loaded 1 chars with 0 blanks and 1 valid
25.1481 	DEBUG 	Uploading Texture Font fontname to graphics card
25.1505 	DEBUG 	Upload of Texture Font fontname complete
25.1508 	DATA 	Keypress: u
25.3503 	DEBUG 	TextBox2 loaded 1 chars with 0 blanks and 1 valid
25.3504 	DEBUG 	Uploading Texture Font fontname to graphics card
25.3536 	DEBUG 	Upload of Texture Font fontname complete
25.3539 	DATA 	Keypress: i
25.4599 	DEBUG 	TextBox2 loaded 1 chars with 0 blanks and 1 valid
25.4601 	DEBUG 	Uploading Texture Font fontname to graphics card
25.4647 	DEBUG 	Upload of Texture Font fontname complete
25.4651 	DATA 	Keypress: s
25.6207 	DATA 	Keypress: e
25.9340 	DATA 	Mouse: Left button down, pos=(805,215)
25.9412 	EXP 	New trial (rep=0, index=3): <Trial 3 (3 in rep 0) data={'test_word': '_o_rd', 'Reference': 'Board ', 'old_new': 'old', 'thisN': 3, 'thisTrialN': 3, 'thisRepN': 0}>
25.9538 	EXP 	TestText: autoDraw = False
25.9538 	EXP 	test_textbox: autoDraw = False
25.9538 	EXP 	submit_text: autoDraw = False
25.9538 	EXP 	TestText: height = 0.05
25.9538 	EXP 	TestText: height = 0.05
25.9538 	EXP 	TestText: height = 0.05
25.9538 	EXP 	TestText: text = '_o_rd'
25.9538 	EXP 	TestText: autoDraw = True
25.9538 	EXP 	test_textbox: autoDraw = True
25.9538 	EXP 	submit_text: autoDraw = True
26.0489 	DATA 	Mouse:  Left button up, pos=(805,215)
26.7673 	DATA 	Keypress: b
27.1430 	DEBUG 	TextBox2 loaded 1 chars with 0 blanks and 1 valid
27.1432 	DEBUG 	Uploading Texture Font fontname to graphics card
27.1467 	DEBUG 	Upload of Texture Font fontname complete
27.1471 	DATA 	Keypress: o
27.8776 	DATA 	Keypress: backspace
28.1432 	DATA 	Keypress: backspace
29.5343 	DATA 	Keypress: b
29.7886 	DATA 	Keypress: o
29.9736 	DATA 	Keypress: a
30.2853 	DATA 	Keypress: r
30.6043 	DEBUG 	TextBox2 loaded 1 chars with 0 blanks and 1 valid
30.6045 	DEBUG 	Uploading Texture Font fontname to graphics card
30.6085 	DEBUG 	Upload of Texture Font fontname complete
30.8495 	DATA 	Mouse: Left button down, pos=(805,215)
30.8507 	EXP 	New trial (rep=0, index=4): <Trial 4 (4 in rep 0) data={'test_word': '_ho_e', 'Reference': 'Phone', 'old_new': 'old', 'thisN': 4, 'thisTrialN': 4, 'thisRepN': 0}>
30.8639 	EXP 	TestText: autoDraw = False
30.8639 	EXP 	test_textbox: autoDraw = False
30.8639 	EXP 	submit_text: autoDraw = False
30.8639 	EXP 	TestText: height = 0.05
30.8639 	EXP 	TestText: height = 0.05
30.8639 	EXP 	TestText: height = 0.05
30.8639 	EXP 	TestText: text = '_ho_e'
30.8639 	EXP 	TestText: autoDraw = True
30.8639 	EXP 	test_textbox: autoDraw = True
30.8639 	EXP 	submit_text: autoDraw = True
30.9338 	DATA 	Mouse:  Left button up, pos=(805,215)
32.1104 	DATA 	Keypress: h
32.3480 	DATA 	Keypress: o
32.6172 	DEBUG 	TextBox2 loaded 1 chars with 0 blanks and 1 valid
32.6175 	DEBUG 	Uploading Texture Font fontname to graphics card
32.6211 	DEBUG 	Upload of Texture Font fontname complete
32.6215 	DATA 	Keypress: n
32.7496 	DATA 	Keypress: e
33.5345 	DATA 	Mouse: Left button down, pos=(806,208)
33.5416 	EXP 	New trial (rep=0, index=5): <Trial 5 (5 in rep 0) data={'test_word': 'P_st_r', 'Reference': 'Poster', 'old_new': 'old', 'thisN': 5, 'thisTrialN': 5, 'thisRepN': 0}>
33.5541 	EXP 	TestText: autoDraw = False
33.5541 	EXP 	test_textbox: autoDraw = False
33.5541 	EXP 	submit_text: autoDraw = False
33.5541 	EXP 	TestText: height = 0.05
33.5541 	EXP 	TestText: height = 0.05
33.5541 	EXP 	TestText: height = 0.05
33.5541 	EXP 	TestText: text = 'P_st_r'
33.5541 	EXP 	TestText: autoDraw = True
33.5541 	EXP 	test_textbox: autoDraw = True
33.5541 	EXP 	submit_text: autoDraw = True
33.7665 	DATA 	Mouse:  Left button up, pos=(806,208)
34.3290 	DATA 	Keypress: p
34.8490 	DATA 	Keypress: o
35.0748 	DATA 	Keypress: s
35.9590 	DATA 	Keypress: t
36.1179 	DATA 	Keypress: e
36.2441 	DATA 	Keypress: r
36.6334 	DATA 	Mouse: Left button down, pos=(806,208)
36.6482 	EXP 	New trial (rep=0, index=6): <Trial 6 (6 in rep 0) data={'test_word': '_ha_t', 'Reference': 'Chart', 'old_new': 'old', 'thisN': 6, 'thisTrialN': 6, 'thisRepN': 0}>
36.6629 	EXP 	TestText: autoDraw = False
36.6629 	EXP 	test_textbox: autoDraw = False
36.6629 	EXP 	submit_text: autoDraw = False
36.6629 	EXP 	TestText: height = 0.05
36.6629 	EXP 	TestText: height = 0.05
36.6629 	EXP 	TestText: height = 0.05
36.6629 	EXP 	TestText: text = '_ha_t'
36.6629 	EXP 	TestText: autoDraw = True
36.6629 	EXP 	test_textbox: autoDraw = True
36.6629 	EXP 	submit_text: autoDraw = True
36.7825 	DATA 	Mouse:  Left button up, pos=(806,208)
37.3857 	DATA 	Keypress: c
37.5814 	DATA 	Keypress: h
37.7651 	DATA 	Keypress: a
38.0376 	DATA 	Keypress: r
38.2325 	DATA 	Keypress: t
38.5665 	DATA 	Mouse: Left button down, pos=(806,208)
38.5739 	EXP 	New trial (rep=0, index=7): <Trial 7 (7 in rep 0) data={'test_word': 'l_pt_p', 'Reference': 'Laptop', 'old_new': 'old', 'thisN': 7, 'thisTrialN': 7, 'thisRepN': 0}>
38.5862 	EXP 	TestText: autoDraw = False
38.5862 	EXP 	test_textbox: autoDraw = False
38.5862 	EXP 	submit_text: autoDraw = False
38.5862 	EXP 	TestText: height = 0.05
38.5862 	EXP 	TestText: height = 0.05
38.5862 	EXP 	TestText: height = 0.05
38.5862 	EXP 	TestText: text = 'l_pt_p'
38.5862 	EXP 	TestText: autoDraw = True
38.5862 	EXP 	test_textbox: autoDraw = True
38.5862 	EXP 	submit_text: autoDraw = True
38.6658 	DATA 	Mouse:  Left button up, pos=(806,208)
39.3115 	DATA 	Keypress: l
39.4846 	DATA 	Keypress: a
39.6983 	DATA 	Keypress: p
39.8830 	DATA 	Keypress: t
39.9809 	DATA 	Keypress: o
40.2490 	DATA 	Keypress: p
40.6001 	DATA 	Mouse: Left button down, pos=(806,208)
40.6014 	EXP 	New trial (rep=0, index=8): <Trial 8 (8 in rep 0) data={'test_word': 'c_s_e', 'Reference': 'Case', 'old_new': 'old', 'thisN': 8, 'thisTrialN': 8, 'thisRepN': 0}>
40.6147 	EXP 	TestText: autoDraw = False
40.6147 	EXP 	test_textbox: autoDraw = False
40.6147 	EXP 	submit_text: autoDraw = False
40.6147 	EXP 	TestText: height = 0.05
40.6147 	EXP 	TestText: height = 0.05
40.6147 	EXP 	TestText: height = 0.05
40.6147 	EXP 	TestText: text = 'c_s_e'
40.6147 	EXP 	TestText: autoDraw = True
40.6147 	EXP 	test_textbox: autoDraw = True
40.6147 	EXP 	submit_text: autoDraw = True
40.7337 	DATA 	Mouse:  Left button up, pos=(806,208)
41.3347 	DATA 	Keypress: c
41.5496 	DATA 	Keypress: a
41.7152 	DATA 	Keypress: s
41.9311 	DATA 	Keypress: e
42.1005 	DATA 	Mouse: Left button down, pos=(806,208)
42.1077 	EXP 	New trial (rep=0, index=9): <Trial 9 (9 in rep 0) data={'test_word': 'P_li_e', 'Reference': 'Police', 'old_new': 'old', 'thisN': 9, 'thisTrialN': 9, 'thisRepN': 0}>
42.1191 	EXP 	TestText: autoDraw = False
42.1191 	EXP 	test_textbox: autoDraw = False
42.1191 	EXP 	submit_text: autoDraw = False
42.1191 	EXP 	TestText: height = 0.05
42.1191 	EXP 	TestText: height = 0.05
42.1191 	EXP 	TestText: height = 0.05
42.1191 	EXP 	TestText: text = 'P_li_e'
42.1191 	EXP 	TestText: autoDraw = True
42.1191 	EXP 	test_textbox: autoDraw = True
42.1191 	EXP 	submit_text: autoDraw = True
42.1997 	DATA 	Mouse:  Left button up, pos=(806,208)
42.7315 	DATA 	Keypress: p
42.9844 	DATA 	Keypress: o
43.1580 	DATA 	Keypress: l
43.3522 	DATA 	Keypress: i
43.5175 	DATA 	Keypress: c
43.6317 	DATA 	Keypress: e
43.8151 	DATA 	Mouse: Left button down, pos=(806,208)
43.8170 	EXP 	New trial (rep=0, index=10): <Trial 10 (10 in rep 0) data={'test_word': 'bo_t_e', 'Reference': 'Bottle', 'old_new': 'new', 'thisN': 10, 'thisTrialN': 10, 'thisRepN': 0}>
43.8301 	EXP 	TestText: autoDraw = False
43.8301 	EXP 	test_textbox: autoDraw = False
43.8301 	EXP 	submit_text: autoDraw = False
43.8301 	EXP 	TestText: height = 0.05
43.8301 	EXP 	TestText: height = 0.05
43.8301 	EXP 	TestText: height = 0.05
43.8301 	EXP 	TestText: text = 'bo_t_e'
43.8301 	EXP 	TestText: autoDraw = True
43.8301 	EXP 	test_textbox: autoDraw = True
43.8301 	EXP 	submit_text: autoDraw = True
43.8996 	DATA 	Mouse:  Left button up, pos=(806,208)
44.6839 	DATA 	Keypress: b
44.9171 	DATA 	Keypress: o
45.2073 	DATA 	Keypress: t
45.3352 	DATA 	Keypress: t
45.4935 	DATA 	Keypress: l
45.5821 	DATA 	Keypress: e
45.8500 	DATA 	Mouse: Left button down, pos=(806,208)
45.8576 	EXP 	New trial (rep=0, index=11): <Trial 11 (11 in rep 0) data={'test_word': 'p_nc_l', 'Reference': 'Pencil', 'old_new': 'new', 'thisN': 11, 'thisTrialN': 11, 'thisRepN': 0}>
45.8705 	EXP 	TestText: autoDraw = False
45.8705 	EXP 	test_textbox: autoDraw = False
45.8705 	EXP 	submit_text: autoDraw = False
45.8705 	EXP 	TestText: height = 0.05
45.8705 	EXP 	TestText: height = 0.05
45.8705 	EXP 	TestText: height = 0.05
45.8705 	EXP 	TestText: text = 'p_nc_l'
45.8705 	EXP 	TestText: autoDraw = True
45.8705 	EXP 	test_textbox: autoDraw = True
45.8705 	EXP 	submit_text: autoDraw = True
45.9494 	DATA 	Mouse:  Left button up, pos=(806,208)
46.5880 	DATA 	Keypress: p
46.7889 	DATA 	Keypress: e
47.0299 	DATA 	Keypress: n
47.2309 	DATA 	Keypress: c
47.3843 	DATA 	Keypress: i
47.6320 	DATA 	Keypress: l
47.9659 	DATA 	Mouse: Left button down, pos=(806,208)
47.9673 	EXP 	New trial (rep=0, index=12): <Trial 12 (12 in rep 0) data={'test_word': 'c_s_io_', 'Reference': 'Cushion', 'old_new': 'old', 'thisN': 12, 'thisTrialN': 12, 'thisRepN': 0}>
47.9811 	EXP 	TestText: autoDraw = False
47.9811 	EXP 	test_textbox: autoDraw = False
47.9811 	EXP 	submit_text: autoDraw = False
47.9811 	EXP 	TestText: height = 0.05
47.9811 	EXP 	TestText: height = 0.05
47.9811 	EXP 	TestText: height = 0.05
47.9811 	EXP 	TestText: text = 'c_s_io_'
47.9811 	EXP 	TestText: autoDraw = True
47.9811 	EXP 	test_textbox: autoDraw = True
47.9811 	EXP 	submit_text: autoDraw = True
48.0994 	DATA 	Mouse:  Left button up, pos=(806,208)
49.0529 	DATA 	Keypress: c
49.2692 	DATA 	Keypress: u
49.3656 	DATA 	Keypress: s
49.8402 	DATA 	Keypress: s
50.6845 	DATA 	Keypress: i
50.9145 	DATA 	Keypress: o
51.1811 	DATA 	Keypress: n
51.5667 	DATA 	Mouse: Left button down, pos=(806,208)
51.5815 	EXP 	New trial (rep=0, index=13): <Trial 13 (13 in rep 0) data={'test_word': 'K_y_', 'Reference': 'Keys', 'old_new': 'old', 'thisN': 13, 'thisTrialN': 13, 'thisRepN': 0}>
51.5944 	EXP 	TestText: autoDraw = False
51.5944 	EXP 	test_textbox: autoDraw = False
51.5944 	EXP 	submit_text: autoDraw = False
51.5944 	EXP 	TestText: height = 0.05
51.5944 	EXP 	TestText: height = 0.05
51.5944 	EXP 	TestText: height = 0.05
51.5944 	EXP 	TestText: text = 'K_y_'
51.5944 	EXP 	TestText: autoDraw = True
51.5944 	EXP 	test_textbox: autoDraw = True
51.5944 	EXP 	submit_text: autoDraw = True
51.6337 	DATA 	Mouse:  Left button up, pos=(806,208)
52.5461 	DEBUG 	TextBox2 loaded 1 chars with 0 blanks and 1 valid
52.5463 	DEBUG 	Uploading Texture Font fontname to graphics card
52.5494 	DEBUG 	Upload of Texture Font fontname complete
52.5497 	DATA 	Keypress: k
52.6963 	DATA 	Keypress: e
52.8976 	DATA 	Keypress: y
53.0144 	DATA 	Keypress: s
53.3504 	DATA 	Mouse: Left button down, pos=(806,208)
53.3650 	EXP 	New trial (rep=0, index=14): <Trial 14 (14 in rep 0) data={'test_word': '_ou_se', 'Reference': 'mouse', 'old_new': 'old', 'thisN': 14, 'thisTrialN': 14, 'thisRepN': 0}>
53.3802 	EXP 	TestText: autoDraw = False
53.3802 	EXP 	test_textbox: autoDraw = False
53.3802 	EXP 	submit_text: autoDraw = False
53.3802 	EXP 	TestText: height = 0.05
53.3802 	EXP 	TestText: height = 0.05
53.3802 	EXP 	TestText: height = 0.05
53.3802 	EXP 	TestText: text = '_ou_se'
53.3802 	EXP 	TestText: autoDraw = True
53.3802 	EXP 	test_textbox: autoDraw = True
53.3802 	EXP 	submit_text: autoDraw = True
53.4996 	DATA 	Mouse:  Left button up, pos=(806,208)
54.2015 	DATA 	Keypress: m
54.4152 	DATA 	Keypress: o
54.6974 	DATA 	Keypress: u
54.8812 	DATA 	Keypress: s
54.9809 	DATA 	Keypress: e
55.3340 	DATA 	Mouse: Left button down, pos=(806,208)
55.3414 	EXP 	New trial (rep=0, index=15): <Trial 15 (15 in rep 0) data={'test_word': 'P_as_tr_', 'Reference': 'Pastry', 'old_new': 'old', 'thisN': 15, 'thisTrialN': 15, 'thisRepN': 0}>
55.3548 	EXP 	TestText: autoDraw = False
55.3548 	EXP 	test_textbox: autoDraw = False
55.3548 	EXP 	submit_text: autoDraw = False
55.3548 	EXP 	TestText: height = 0.05
55.3548 	EXP 	TestText: height = 0.05
55.3548 	EXP 	TestText: height = 0.05
55.3548 	EXP 	TestText: text = 'P_as_tr_'
55.3548 	EXP 	TestText: autoDraw = True
55.3548 	EXP 	test_textbox: autoDraw = True
55.3548 	EXP 	submit_text: autoDraw = True
55.3839 	DATA 	Mouse:  Left button up, pos=(806,208)
56.0335 	DATA 	Keypress: p
56.2136 	DATA 	Keypress: a
56.4994 	DATA 	Keypress: s
56.8940 	DATA 	Keypress: t
57.1682 	DATA 	Keypress: r
57.3153 	DATA 	Keypress: e
57.9341 	DATA 	Mouse: Left button down, pos=(806,208)
57.9417 	EXP 	New trial (rep=0, index=16): <Trial 16 (16 in rep 0) data={'test_word': 'T_hi_t', 'Reference': 'Tshirt', 'old_new': 'old', 'thisN': 16, 'thisTrialN': 16, 'thisRepN': 0}>
57.9542 	EXP 	TestText: autoDraw = False
57.9542 	EXP 	test_textbox: autoDraw = False
57.9542 	EXP 	submit_text: autoDraw = False
57.9542 	EXP 	TestText: height = 0.05
57.9542 	EXP 	TestText: height = 0.05
57.9542 	EXP 	TestText: height = 0.05
57.9542 	EXP 	TestText: text = 'T_hi_t'
57.9542 	EXP 	TestText: autoDraw = True
57.9542 	EXP 	test_textbox: autoDraw = True
57.9542 	EXP 	submit_text: autoDraw = True
58.0339 	DATA 	Mouse:  Left button up, pos=(806,208)
58.9475 	DATA 	Keypress: t
59.2483 	DATA 	Keypress: s
59.4449 	DATA 	Keypress: h
59.6514 	DATA 	Keypress: i
59.7915 	DATA 	Keypress: r
59.9312 	DATA 	Keypress: t
60.2298 	DATA 	Mouse: Left button down, pos=(806,208)
60.2312 	EXP 	New trial (rep=0, index=17): <Trial 17 (17 in rep 0) data={'test_word': 'v_s_', 'Reference': 'Vase', 'old_new': 'new', 'thisN': 17, 'thisTrialN': 17, 'thisRepN': 0}>
60.2463 	EXP 	TestText: autoDraw = False
60.2463 	EXP 	test_textbox: autoDraw = False
60.2463 	EXP 	submit_text: autoDraw = False
60.2463 	EXP 	TestText: height = 0.05
60.2463 	EXP 	TestText: height = 0.05
60.2463 	EXP 	TestText: height = 0.05
60.2463 	EXP 	TestText: text = 'v_s_'
60.2463 	EXP 	TestText: autoDraw = True
60.2463 	EXP 	test_textbox: autoDraw = True
60.2463 	EXP 	submit_text: autoDraw = True
60.3171 	DATA 	Mouse:  Left button up, pos=(806,208)
60.9620 	DATA 	Keypress: c
61.5898 	DATA 	Keypress: backspace
61.9535 	DEBUG 	TextBox2 loaded 1 chars with 0 blanks and 1 valid
61.9537 	DEBUG 	Uploading Texture Font fontname to graphics card
61.9570 	DEBUG 	Upload of Texture Font fontname complete
61.9574 	DATA 	Keypress: v
62.0603 	DATA 	Keypress: a
62.2006 	DATA 	Keypress: s
62.4138 	DATA 	Keypress: e
62.7509 	DATA 	Mouse: Left button down, pos=(806,208)
62.7577 	EXP 	New trial (rep=0, index=18): <Trial 18 (18 in rep 0) data={'test_word': '_oo_', 'Reference': 'Book', 'old_new': 'old', 'thisN': 18, 'thisTrialN': 18, 'thisRepN': 0}>
62.7714 	EXP 	TestText: autoDraw = False
62.7714 	EXP 	test_textbox: autoDraw = False
62.7714 	EXP 	submit_text: autoDraw = False
62.7714 	EXP 	TestText: height = 0.05
62.7714 	EXP 	TestText: height = 0.05
62.7714 	EXP 	TestText: height = 0.05
62.7714 	EXP 	TestText: text = '_oo_'
62.7714 	EXP 	TestText: autoDraw = True
62.7714 	EXP 	test_textbox: autoDraw = True
62.7714 	EXP 	submit_text: autoDraw = True
62.8488 	DATA 	Mouse:  Left button up, pos=(806,208)
63.5911 	DATA 	Keypress: b
63.8732 	DATA 	Keypress: o
64.0073 	DATA 	Keypress: o
64.2167 	DATA 	Keypress: k
64.5631 	DATA 	Mouse: Left button down, pos=(806,208)
64.5643 	EXP 	New trial (rep=0, index=19): <Trial 19 (19 in rep 0) data={'test_word': 'ta_l_', 'Reference': 'Table ', 'old_new': 'new', 'thisN': 19, 'thisTrialN': 19, 'thisRepN': 0}>
64.5795 	EXP 	TestText: autoDraw = False
64.5795 	EXP 	test_textbox: autoDraw = False
64.5795 	EXP 	submit_text: autoDraw = False
64.5795 	EXP 	TestText: height = 0.05
64.5795 	EXP 	TestText: height = 0.05
64.5795 	EXP 	TestText: height = 0.05
64.5795 	EXP 	TestText: text = 'ta_l_'
64.5795 	EXP 	TestText: autoDraw = True
64.5795 	EXP 	test_textbox: autoDraw = True
64.5795 	EXP 	submit_text: autoDraw = True
64.6495 	DATA 	Mouse:  Left button up, pos=(806,208)
65.4134 	DATA 	Keypress: t
65.7610 	DATA 	Keypress: a
66.0427 	DATA 	Keypress: b
66.3524 	DATA 	Keypress: l
66.5482 	DATA 	Keypress: e
66.8800 	DATA 	Mouse: Left button down, pos=(806,208)
66.9738 	INFO 	saved data to /Users/sakshi/Desktop/Experiments/Word Priming/data/3_primming 5.0_2024-11-07_14h17.58.313trials_2.csv
66.9791 	EXP 	TestText: autoDraw = False
66.9791 	EXP 	test_textbox: autoDraw = False
66.9791 	EXP 	submit_text: autoDraw = False
66.9792 	EXP 	primming 5.0: status = STOPPED
66.9857 	INFO 	saved data to '/Users/sakshi/Desktop/Experiments/Word Priming/data/3_primming 5.0_2024-11-07_14h17.58.313.csv'
66.9864 	INFO 	saved data to /Users/sakshi/Desktop/Experiments/Word Priming/data/3_primming 5.0_2024-11-07_14h17.58.313.psydat
66.9868 	DATA 	Mouse:  Left button up, pos=(806,208)
67.2075 	DEBUG 	Saving data for primming 5.0 ExperimentHandler
